<?xml version="1.0" encoding="UTF-8"?>
<!-- Generated by org.testng.reporters.JUnitReportReporter -->
<testsuite skipped="0" hostname="AnmolChhabara1" name="test.TestSuite" tests="3" failures="0" timestamp="18 Jul 2020 22:39:52 GMT" time="28.793" errors="0">
  <testcase name="details" time="16.793" classname="test.TestSuite"/>
  <testcase name="payment" time="1.768" classname="test.TestSuite"/>
  <testcase name="card_payment" time="10.232" classname="test.TestSuite"/>
</testsuite> <!-- test.TestSuite -->
